Build started 15/07/2015 11:20:01 AM.
     1>Project "C:\Users\matthewc\Documents\c++\pointers practice\pointers practice\pointers practice.vcxproj" on node 2 (build target(s)).
     1>PrepareForBuild:
         Creating directory "C:\Users\matthewc\Documents\c++\pointers practice\Debug\".
       InitializeBuildStatus:
         Creating "Debug\pointers practice.unsuccessfulbuild" because "AlwaysCreate" was specified.
       ClCompile:
         C:\Program Files (x86)\Microsoft Visual Studio 10.0\VC\bin\CL.exe /c /ZI /nologo /W3 /WX- /Od /Oy- /D _MBCS /Gm /EHsc /RTC1 /MDd /GS /fp:precise /Zc:wchar_t /Zc:forScope /Fo"Debug\\" /Fd"Debug\vc100.pdb" /Gd /TP /analyze- /errorReport:prompt main.cpp
         main.cpp
       Link:
         C:\Program Files (x86)\Microsoft Visual Studio 10.0\VC\bin\link.exe /ERRORREPORT:PROMPT /OUT:"C:\Users\matthewc\Documents\c++\pointers practice\Debug\pointers practice.exe" /NOLOGO kernel32.lib user32.lib gdi32.lib winspool.lib comdlg32.lib advapi32.lib shell32.lib ole32.lib oleaut32.lib uuid.lib odbc32.lib odbccp32.lib /MANIFEST /ManifestFile:"Debug\pointers practice.exe.intermediate.manifest" /MANIFESTUAC:"level='asInvoker' uiAccess='false'" /DEBUG /PDB:"C:\Users\matthewc\Documents\c++\pointers practice\Debug\pointers practice.pdb" /TLBID:1 /DYNAMICBASE /NXCOMPAT /IMPLIB:"C:\Users\matthewc\Documents\c++\pointers practice\Debug\pointers practice.lib" /MACHINE:X86 Debug\main.obj
         pointers practice.vcxproj -> C:\Users\matthewc\Documents\c++\pointers practice\Debug\pointers practice.exe
       Manifest:
         C:\Program Files (x86)\Microsoft SDKs\Windows\v7.0A\bin\mt.exe /nologo /verbose /outputresource:"C:\Users\matthewc\Documents\c++\pointers practice\Debug\pointers practice.exe;#1" /manifest "Debug\pointers practice.exe.intermediate.manifest"
       FinalizeBuildStatus:
         Deleting file "Debug\pointers practice.unsuccessfulbuild".
         Touching "Debug\pointers practice.lastbuildstate".
     1>Done Building Project "C:\Users\matthewc\Documents\c++\pointers practice\pointers practice\pointers practice.vcxproj" (build target(s)).

Build succeeded.

Time Elapsed 00:00:02.93
